[    0.000000] Initializing cgroup subsys cpuset
[    0.000000] Initializing cgroup subsys cpu
[    0.000000] Initializing cgroup subsys cpuacct
[    0.000000] Linux version 4.4.0-210-generic (buildd@lgw01-amd64-009) (gcc version 5.4.0 20160609 (Ubuntu 5.4.0-6ubuntu1~16.04.12) ) #242-Ubuntu SMP Fri Apr 16 09:57:56 UTC 2021 (Ubuntu 4.4.0-210.242-generic 4.4.262)
[    0.000000] Command line: BOOT_IMAGE=/boot/vmlinuz-4.4.0-210-generic root=LABEL=cloudimg-rootfs ro console=tty1 console=ttyS0
[    0.000000] KERNEL supported cpus:
[    0.000000]   Intel GenuineIntel
[    0.000000]   AMD AuthenticAMD
[    0.000000]   Centaur CentaurHauls
[    0.000000] [Firmware Bug]: TSC doesn't count with P0 frequency!
[    0.000000] x86/fpu: xstate_offset[2]:  576, xstate_sizes[2]:  256
[    0.000000] x86/fpu: Supporting XSAVE feature 0x01: 'x87 floating point registers'
[    0.000000] x86/fpu: Supporting XSAVE feature 0x02: 'SSE registers'
[    0.000000] x86/fpu: Supporting XSAVE feature 0x04: 'AVX registers'
[    0.000000] x86/fpu: Enabled xstate features 0x7, context size is 832 bytes, using 'standard' format.
[    0.000000] e820: BIOS-provided physical RAM map:
[    0.000000] BIOS-e820: [mem 0x0000000000000000-0x000000000009fbff] usable
[    0.000000] BIOS-e820: [mem 0x000000000009fc00-0x000000000009ffff] reserved
[    0.000000] BIOS-e820: [mem 0x00000000000f0000-0x00000000000fffff] reserved
[    0.000000] BIOS-e820: [mem 0x0000000000100000-0x000000003ffeffff] usable
[    0.000000] BIOS-e820: [mem 0x000000003fff0000-0x000000003fffffff] ACPI data
[    0.000000] BIOS-e820: [mem 0x00000000fec00000-0x00000000fec00fff] reserved
[    0.000000] BIOS-e820: [mem 0x00000000fee00000-0x00000000fee00fff] reserved
[    0.000000] BIOS-e820: [mem 0x00000000fffc0000-0x00000000ffffffff] reserved
[    0.000000] NX (Execute Disable) protection: active
[    0.000000] SMBIOS 2.5 present.
[    0.000000] Hypervisor detected: KVM
[    0.000000] Kernel/User page tables isolation: disabled
[    0.000000] e820: last_pfn = 0x3fff0 max_arch_pfn = 0x400000000
[    0.000000] MTRR: Disabled
[    0.000000] x86/PAT: MTRRs disabled, skipping PAT initialization too.
[    0.000000] CPU MTRRs all blank - virtualized system.
[    0.000000] x86/PAT: Configuration [0-7]: WB  WT  UC- UC  WB  WT  UC- UC  
[    0.000000] found SMP MP-table at [mem 0x0009fff0-0x0009ffff] mapped at [ffff88000009fff0]
[    0.000000] Scanning 1 areas for low memory corruption
[    0.000000] RAMDISK: [mem 0x362dc000-0x37165fff]
[    0.000000] ACPI: Early table checksum verification disabled
[    0.000000] ACPI: RSDP 0x00000000000E0000 000024 (v02 VBOX  )
[    0.000000] ACPI: XSDT 0x000000003FFF0030 00003C (v01 VBOX   VBOXXSDT 00000001 ASL  00000061)
[    0.000000] ACPI: FACP 0x000000003FFF00F0 0000F4 (v04 VBOX   VBOXFACP 00000001 ASL  00000061)
[    0.000000] ACPI: DSDT 0x000000003FFF0610 002353 (v02 VBOX   VBOXBIOS 00000002 INTL 20100528)
[    0.000000] ACPI: FACS 0x000000003FFF0200 000040
[    0.000000] ACPI: FACS 0x000000003FFF0200 000040
[    0.000000] ACPI: APIC 0x000000003FFF0240 00005C (v02 VBOX   VBOXAPIC 00000001 ASL  00000061)
[    0.000000] ACPI: SSDT 0x000000003FFF02A0 00036C (v01 VBOX   VBOXCPUT 00000002 INTL 20100528)
[    0.000000] No NUMA configuration found
[    0.000000] Faking a node at [mem 0x0000000000000000-0x000000003ffeffff]
[    0.000000] NODE_DATA(0) allocated [mem 0x3ffeb000-0x3ffeffff]
[    0.000000] kvm-clock: Using msrs 4b564d01 and 4b564d00
[    0.000000] kvm-clock: cpu 0, msr 0:3ffe3001, primary cpu clock
[    0.000000] kvm-clock: using sched offset of 2976745778 cycles
[    0.000000] clocksource: kvm-clock: mask: 0xffffffffffffffff max_cycles: 0x1cd42e4dffb, max_idle_ns: 881590591483 ns
[    0.000000] Zone ranges:
[    0.000000]   DMA      [mem 0x0000000000001000-0x0000000000ffffff]
[    0.000000]   DMA32    [mem 0x0000000001000000-0x000000003ffeffff]
[    0.000000]   Normal   empty
[    0.000000]   Device   empty
[    0.000000] Movable zone start for each node
[    0.000000] Early memory node ranges
[    0.000000]   node   0: [mem 0x0000000000001000-0x000000000009efff]
[    0.000000]   node   0: [mem 0x0000000000100000-0x000000003ffeffff]
[    0.000000] Initmem setup node 0 [mem 0x0000000000001000-0x000000003ffeffff]
[    0.000000] ACPI: PM-Timer IO Port: 0x4008
[    0.000000] IOAPIC[0]: apic_id 2, version 32, address 0xfec00000, GSI 0-23
[    0.000000] ACPI: INT_SRC_OVR (bus 0 bus_irq 0 global_irq 2 dfl dfl)
[    0.000000] ACPI: INT_SRC_OVR (bus 0 bus_irq 9 global_irq 9 low level)
[    0.000000] Using ACPI (MADT) for SMP configuration information
[    0.000000] smpboot: Allowing 2 CPUs, 0 hotplug CPUs
[    0.000000] PM: Registered nosave memory: [mem 0x00000000-0x00000fff]
[    0.000000] PM: Registered nosave memory: [mem 0x0009f000-0x0009ffff]
[    0.000000] PM: Registered nosave memory: [mem 0x000a0000-0x000effff]
[    0.000000] PM: Registered nosave memory: [mem 0x000f0000-0x000fffff]
[    0.000000] e820: [mem 0x40000000-0xfebfffff] available for PCI devices
[    0.000000] Booting paravirtualized kernel on KVM
[    0.000000] clocksource: refined-jiffies: mask: 0xffffffff max_cycles: 0xffffffff, max_idle_ns: 7645519600211568 ns
[    0.000000] setup_percpu: NR_CPUS:512 nr_cpumask_bits:512 nr_cpu_ids:2 nr_node_ids:1
[    0.000000] PERCPU: Embedded 33 pages/cpu @ffff88003fc00000 s95192 r8192 d31784 u1048576
[    0.000000] Built 1 zonelists in Node order, mobility grouping on.  Total pages: 257912
[    0.000000] Policy zone: DMA32
[    0.000000] Kernel command line: BOOT_IMAGE=/boot/vmlinuz-4.4.0-210-generic root=LABEL=cloudimg-rootfs ro console=tty1 console=ttyS0
[    0.000000] PID hash table entries: 4096 (order: 3, 32768 bytes)
[    0.000000] Memory: 997792K/1048120K available (8644K kernel code, 1332K rwdata, 4044K rodata, 1492K init, 1164K bss, 50328K reserved, 0K cma-reserved)
[    0.000000] SLUB: HWalign=64, Order=0-3, MinObjects=0, CPUs=2, Nodes=1
[    0.000000] Hierarchical RCU implementation.
[    0.000000] 	Build-time adjustment of leaf fanout to 64.
[    0.000000] 	RCU restricting CPUs from NR_CPUS=512 to nr_cpu_ids=2.
[    0.000000] RCU: Adjusting geometry for rcu_fanout_leaf=64, nr_cpu_ids=2
[    0.000000] NR_IRQS:33024 nr_irqs:440 16
[    0.000000] Console: colour VGA+ 80x25
[    0.000000] console [tty1] enabled
[    0.000000] console [ttyS0] enabled
[    0.000000] tsc: Detected 1796.627 MHz processor
[    0.104076] Calibrating delay loop (skipped) preset value.. 3593.25 BogoMIPS (lpj=7186508)
[    0.105229] pid_max: default: 32768 minimum: 301
[    0.105837] ACPI: Core revision 20150930
[    0.107217] ACPI: 2 ACPI AML tables successfully acquired and loaded
[    0.108086] Security Framework initialized
[    0.108639] Yama: becoming mindful.
[    0.109142] AppArmor: AppArmor initialized
[    0.109750] Dentry cache hash table entries: 131072 (order: 8, 1048576 bytes)
[    0.110708] Inode-cache hash table entries: 65536 (order: 7, 524288 bytes)
[    0.113251] Mount-cache hash table entries: 2048 (order: 2, 16384 bytes)
[    0.114107] Mountpoint-cache hash table entries: 2048 (order: 2, 16384 bytes)
[    0.115081] Initializing cgroup subsys io
[    0.115649] Initializing cgroup subsys memory
[    0.116228] Initializing cgroup subsys devices
[    0.116814] Initializing cgroup subsys freezer
[    0.117398] Initializing cgroup subsys net_cls
[    0.117990] Initializing cgroup subsys perf_event
[    0.118637] Initializing cgroup subsys net_prio
[    0.119231] Initializing cgroup subsys hugetlb
[    0.119824] Initializing cgroup subsys pids
[    0.127704] mce: CPU supports 0 MCE banks
[    0.128363] Last level iTLB entries: 4KB 1024, 2MB 1024, 4MB 512
[    0.129159] Last level dTLB entries: 4KB 2048, 2MB 2048, 4MB 1024, 1GB 0
[    0.129993] Spectre V1 : Mitigation: usercopy/swapgs barriers and __user pointer sanitization
[    0.131118] Spectre V2 : Spectre mitigation: LFENCE not serializing, switching to generic retpoline
[    0.132282] Spectre V2 : Mitigation: Full generic retpoline
[    0.133002] Spectre V2 : Spectre v2 / SpectreRSB mitigation: Filling RSB on context switch
[    0.135856] Freeing SMP alternatives memory: 36K
[    0.140625] ftrace: allocating 32380 entries in 127 pages
[    0.185119] smpboot: APIC(0) Converting physical 0 to logical package 0
[    0.186024] smpboot: Max logical packages: 1
[    0.186800] x2apic enabled
[    0.187449] Switched APIC routing to physical x2apic.
[    0.188957] ..TIMER: vector=0x30 apic1=0 pin1=2 apic2=-1 pin2=-1
[    0.297826] smpboot: CPU0: AMD Ryzen 7 5700U with Radeon Graphics (family: 0x17, model: 0x68, stepping: 0x1)
[    0.299263] Performance Events: Broken PMU hardware detected, using software events only.
[    0.300405] Failed to access perfctr msr (MSR c0010007 is 0)
[    0.305815] KVM setup paravirtual spinlock
[    0.307054] x86: Booting SMP configuration:
[    0.307639] .... node  #0, CPUs:      #1
[    0.308312] kvm-clock: cpu 1, msr 0:3ffe3041, secondary cpu clock
[    0.316307] mce: CPU supports 0 MCE banks
[    0.318707] x86: Booted up 1 node, 2 CPUs
[    0.319442] smpboot: Total of 2 processors activated (7186.50 BogoMIPS)
[    0.320597] devtmpfs: initialized
[    0.322400] evm: security.selinux
[    0.322908] evm: security.SMACK64
[    0.323433] evm: security.SMACK64EXEC
[    0.323976] evm: security.SMACK64TRANSMUTE
[    0.324562] evm: security.SMACK64MMAP
[    0.325100] evm: security.ima
[    0.325573] evm: security.capability
[    0.328391] clocksource: jiffies: mask: 0xffffffff max_cycles: 0xffffffff, max_idle_ns: 7645041785100000 ns
[    0.330789] futex hash table entries: 512 (order: 3, 32768 bytes)
[    0.331690] pinctrl core: initialized pinctrl subsystem
[    0.333363] RTC time: 14:09:56, date: 09/11/23
[    0.334387] NET: Registered protocol family 16
[    0.346999] cpuidle: using governor ladder
[    0.359324] cpuidle: using governor menu
[    0.360737] PCCT header not found.
[    0.361585] ACPI: bus type PCI registered
[    0.362165] acpiphp: ACPI Hot Plug PCI Controller Driver version: 0.5
[    0.363042] PCI: Using configuration type 1 for base access
[    0.363776] PCI: Using configuration type 1 for extended access
[    0.376799] ACPI: Added _OSI(Module Device)
[    0.377954] ACPI: Added _OSI(Processor Device)
[    0.378567] ACPI: Added _OSI(3.0 _SCP Extensions)
[    0.379189] ACPI: Added _OSI(Processor Aggregator Device)
[    0.380327] ACPI: Executed 1 blocks of module-level executable AML code
[    0.382429] ACPI: Interpreter enabled
[    0.382989] ACPI: (supports S0 S5)
[    0.383516] ACPI: Using IOAPIC for interrupt routing
[    0.384262] PCI: Using host bridge windows from ACPI; if necessary, use "pci=nocrs" and report a bug
[    0.387701] ACPI: PCI Root Bridge [PCI0] (domain 0000 [bus 00-ff])
[    0.388566] acpi PNP0A03:00: _OSC: OS supports [ExtendedConfig ASPM ClockPM Segments MSI]
[    0.390152] acpi PNP0A03:00: _OSC: platform does not support [PCIeCapability]
[    0.391203] acpi PNP0A03:00: _OSC: not requesting control; platform does not support [PCIeCapability]
[    0.392447] acpi PNP0A03:00: _OSC: OS requested [PCIeHotplug PME AER PCIeCapability]
[    0.393500] acpi PNP0A03:00: _OSC: platform willing to grant [PCIeHotplug PME AER]
[    0.394537] acpi PNP0A03:00: _OSC failed (AE_SUPPORT); disabling ASPM
[    0.395563] PCI host bridge to bus 0000:00
[    0.396153] pci_bus 0000:00: root bus resource [io  0x0000-0x0cf7 window]
[    0.396997] pci_bus 0000:00: root bus resource [io  0x0d00-0xffff window]
[    0.397830] pci_bus 0000:00: root bus resource [mem 0x000a0000-0x000bffff window]
[    0.405394] pci_bus 0000:00: root bus resource [mem 0x40000000-0xfdffffff window]
[    0.406497] pci_bus 0000:00: root bus resource [bus 00-ff]
[    0.408667] pci 0000:00:01.1: legacy IDE quirk: reg 0x10: [io  0x01f0-0x01f7]
[    0.409550] pci 0000:00:01.1: legacy IDE quirk: reg 0x14: [io  0x03f6]
[    0.410389] pci 0000:00:01.1: legacy IDE quirk: reg 0x18: [io  0x0170-0x0177]
[    0.411332] pci 0000:00:01.1: legacy IDE quirk: reg 0x1c: [io  0x0376]
[    0.431986] pci 0000:00:07.0: quirk: [io  0x4000-0x403f] claimed by PIIX4 ACPI
[    0.433109] pci 0000:00:07.0: quirk: [io  0x4100-0x410f] claimed by PIIX4 SMB
[    0.447941] ACPI: PCI Interrupt Link [LNKA] (IRQs 5 9 10 *11)
[    0.449407] ACPI: PCI Interrupt Link [LNKB] (IRQs 5 9 *10 11)
[    0.450532] ACPI: PCI Interrupt Link [LNKC] (IRQs 5 *9 10 11)
[    0.451572] ACPI: PCI Interrupt Link [LNKD] (IRQs 5 9 10 *11)
[    0.452648] ACPI: Enabled 2 GPEs in block 00 to 07
[    0.453618] vgaarb: setting as boot device: PCI:0000:00:02.0
[    0.455237] vgaarb: device added: PCI:0000:00:02.0,decodes=io+mem,owns=io+mem,locks=none
[    0.456857] vgaarb: loaded
[    0.457309] vgaarb: bridge control possible 0000:00:02.0
[    0.458198] SCSI subsystem initialized
[    0.458849] ACPI: bus type USB registered
[    0.459471] usbcore: registered new interface driver usbfs
[    0.460244] usbcore: registered new interface driver hub
[    0.460946] usbcore: registered new device driver usb
[    0.461772] PCI: Using ACPI for IRQ routing
[    0.462574] NetLabel: Initializing
[    0.463075] NetLabel:  domain hash size = 128
[    0.463677] NetLabel:  protocols = UNLABELED CIPSOv4
[    0.464334] NetLabel:  unlabeled traffic allowed by default
[    0.465165] amd_nb: Cannot enumerate AMD northbridges
[    0.465912] clocksource: Switched to clocksource kvm-clock
[    0.473399] AppArmor: AppArmor Filesystem Enabled
[    0.474197] pnp: PnP ACPI init
[    0.475252] pnp: PnP ACPI: found 3 devices
[    0.482890] clocksource: acpi_pm: mask: 0xffffff max_cycles: 0xffffff, max_idle_ns: 2085701024 ns
[    0.484125] NET: Registered protocol family 2
[    0.484847] TCP established hash table entries: 8192 (order: 4, 65536 bytes)
[    0.485698] TCP bind hash table entries: 8192 (order: 5, 131072 bytes)
[    0.486543] TCP: Hash tables configured (established 8192 bind 8192)
[    0.487332] UDP hash table entries: 512 (order: 2, 16384 bytes)
[    0.488081] UDP-Lite hash table entries: 512 (order: 2, 16384 bytes)
[    0.488929] NET: Registered protocol family 1
[    0.489551] pci 0000:00:00.0: Limiting direct PCI/PCI transfers
[    0.490310] pci 0000:00:01.0: Activating ISA DMA hang workarounds
[    0.492549] Unpacking initramfs...
[    0.673066] Freeing initrd memory: 14888K
[    0.674132] clocksource: tsc: mask: 0xffffffffffffffff max_cycles: 0x19e5b73c0b8, max_idle_ns: 440795215505 ns
[    0.675481] platform rtc_cmos: registered platform RTC device (no PNP device found)
[    0.676565] Scanning for low memory corruption every 60 seconds
[    0.677705] audit: initializing netlink subsys (disabled)
[    0.678481] audit: type=2000 audit(1694441400.853:1): initialized
[    0.679486] Initialise system trusted keyring
[    0.680227] HugeTLB registered 2 MB page size, pre-allocated 0 pages
[    0.681738] zbud: loaded
[    0.682573] VFS: Disk quotas dquot_6.6.0
[    0.683172] VFS: Dquot-cache hash table entries: 512 (order 0, 4096 bytes)
[    0.684686] squashfs: version 4.0 (2009/01/31) Phillip Lougher
[    0.685614] fuse init (API version 7.23)
[    0.686349] Key type big_key registered
[    0.686914] Allocating IMA MOK and blacklist keyrings.
[    0.690032] Key type asymmetric registered
[    0.690634] Asymmetric key parser 'x509' registered
[    0.691318] Block layer SCSI generic (bsg) driver version 0.4 loaded (major 249)
[    0.692445] io scheduler noop registered
[    0.692993] io scheduler deadline registered (default)
[    0.693687] io scheduler cfq registered
[    0.694339] pci_hotplug: PCI Hot Plug PCI Core version: 0.5
[    0.695051] pciehp: PCI Express Hot Plug Controller Driver version: 0.4
[    0.695977] ACPI: AC Adapter [AC] (on-line)
[    0.696583] input: Power Button as /devices/LNXSYSTM:00/LNXPWRBN:00/input/input0
[    0.697611] ACPI: Power Button [PWRF]
[    0.698189] input: Sleep Button as /devices/LNXSYSTM:00/LNXSLPBN:00/input/input1
[    0.699203] ACPI: Sleep Button [SLPF]
[    0.699914] GHES: HEST is not enabled!
[    0.700290] ACPI: Battery Slot [BAT0] (battery present)
[    0.702108] Serial: 8250/16550 driver, 32 ports, IRQ sharing enabled
[    0.723299] 00:02: ttyS0 at I/O 0x3f8 (irq = 4, base_baud = 115200) is a 16550A
[    0.725657] Linux agpgart interface v0.103
[    0.727450] loop: module loaded
[    0.728352] scsi host0: ata_piix
[    0.728949] scsi host1: ata_piix
[    0.729478] ata1: PATA max UDMA/33 cmd 0x1f0 ctl 0x3f6 bmdma 0xd000 irq 14
[    0.730345] ata2: PATA max UDMA/33 cmd 0x170 ctl 0x376 bmdma 0xd008 irq 15
[    0.731239] libphy: Fixed MDIO Bus: probed
[    0.731837] tun: Universal TUN/TAP device driver, 1.6
[    0.732516] tun: (C) 1999-2004 Max Krasnyansky <maxk@qualcomm.com>
[    0.733342] PPP generic driver version 2.4.2
[    0.734064] ehci_hcd: USB 2.0 'Enhanced' Host Controller (EHCI) Driver
[    0.734865] ehci-pci: EHCI PCI platform driver
[    0.735511] ehci-platform: EHCI generic platform driver
[    0.736210] ohci_hcd: USB 1.1 'Open' Host Controller (OHCI) Driver
[    0.736966] ohci-pci: OHCI PCI platform driver
[    0.737612] ohci-platform: OHCI generic platform driver
[    0.738320] uhci_hcd: USB Universal Host Controller Interface driver
[    0.739185] i8042: PNP: PS/2 Controller [PNP0303:PS2K,PNP0f03:PS2M] at 0x60,0x64 irq 1,12
[    0.740715] serio: i8042 KBD port at 0x60,0x64 irq 1
[    0.741421] serio: i8042 AUX port at 0x60,0x64 irq 12
[    0.742350] mousedev: PS/2 mouse device common for all mice
[    0.743479] input: AT Translated Set 2 keyboard as /devices/platform/i8042/serio0/input/input2
[    0.744962] rtc_cmos rtc_cmos: rtc core: registered rtc_cmos as rtc0
[    0.745833] rtc_cmos rtc_cmos: alarms up to one day, 114 bytes nvram
[    0.746767] i2c /dev entries driver
[    0.747373] device-mapper: uevent: version 1.0.3
[    0.748122] device-mapper: ioctl: 4.34.0-ioctl (2015-10-28) initialised: dm-devel@redhat.com
[    0.749343] ledtrig-cpu: registered to indicate activity on CPUs
[    0.750467] NET: Registered protocol family 10
[    0.751236] NET: Registered protocol family 17
[    0.751859] Key type dns_resolver registered
[    0.752719] registered taskstats version 1
[    0.753306] Loading compiled-in X.509 certificates
[    0.754309] Loaded X.509 cert 'Build time autogenerated kernel key: cf00e047681d67edb2720680708b7d9498083038'
[    0.755663] zswap: loaded using pool lzo/zbud
[    0.758176] Key type trusted registered
[    0.760944] Key type encrypted registered
[    0.761540] AppArmor: AppArmor sha1 policy hashing enabled
[    0.762268] ima: No TPM chip found, activating TPM-bypass!
[    0.762991] ima: Allocated hash algorithm: sha1
[    0.763623] evm: HMAC attrs: 0x1
[    0.764355]   Magic number: 7:944:181
[    0.764951] rtc_cmos rtc_cmos: setting system clock to 2023-09-11 14:09:56 UTC (1694441396)
[    0.766190] BIOS EDD facility v0.16 2004-Jun-25, 0 devices found
[    0.766955] EDD information not available.
[    0.910511] Freeing unused kernel memory: 1492K
[    0.911202] Write protecting the kernel read-only data: 14336k
[    0.912379] Freeing unused kernel memory: 1584K
[    0.913137] Freeing unused kernel memory: 52K
Loading, please wait...
starting version 229
[    0.922061] random: systemd-udevd: uninitialized urandom read (16 bytes read, 1 bits of entropy available)
[    0.922593] random: udevadm: uninitialized urandom read (16 bytes read, 1 bits of entropy available)
[    0.922614] random: udevadm: uninitialized urandom read (16 bytes read, 1 bits of entropy available)
[    0.926822] random: systemd-udevd: uninitialized urandom read (16 bytes read, 1 bits of entropy available)
[    0.928516] random: udevadm: uninitialized urandom read (16 bytes read, 1 bits of entropy available)
[    0.928550] random: udevadm: uninitialized urandom read (16 bytes read, 1 bits of entropy available)
[    0.928669] random: udevadm: uninitialized urandom read (16 bytes read, 1 bits of entropy available)
[    0.928705] random: udevadm: uninitialized urandom read (16 bytes read, 1 bits of entropy available)
[    0.928738] random: udevadm: uninitialized urandom read (16 bytes read, 1 bits of entropy available)
[    0.928771] random: udevadm: uninitialized urandom read (16 bytes read, 1 bits of entropy available)
[    0.960560] e1000: Intel(R) PRO/1000 Network Driver - version 7.3.21-k8-NAPI
[    0.961473] e1000: Copyright (c) 1999-2006 Intel Corporation.
[    0.966990] Fusion MPT base driver 3.04.20
[    0.967644] Copyright (c) 1999-2008 LSI Corporation
[    0.975082] Fusion MPT SPI Host driver 3.04.20
[    0.975846] AVX2 version of gcm_enc/dec engaged.
[    0.976505] AES CTR mode by8 optimization enabled
[    1.190511] input: ImExPS/2 Generic Explorer Mouse as /devices/platform/i8042/serio1/input/input4
[    1.305460] e1000 0000:00:03.0 eth0: (PCI:33MHz:32-bit) 02:be:82:6b:cc:1d
[    1.306396] e1000 0000:00:03.0 eth0: Intel(R) PRO/1000 Network Connection
[    2.015068] e1000 0000:00:08.0 eth1: (PCI:33MHz:32-bit) 08:00:27:89:e7:58
[    2.016002] e1000 0000:00:08.0 eth1: Intel(R) PRO/1000 Network Connection
[    2.017923] e1000 0000:00:03.0 enp0s3: renamed from eth0
[    2.018745] mptbase: ioc0: Initiating bringup
[    2.034504] e1000 0000:00:08.0 enp0s8: renamed from eth1
[    2.286625] ioc0: LSI53C1030 A0: Capabilities={Initiator}
[    4.300731] scsi host2: ioc0: LSI53C1030 A0, FwRev=00000000h, Ports=1, MaxQ=256, IRQ=20
[    5.682831] scsi 2:0:0:0: Direct-Access     VBOX     HARDDISK         1.0  PQ: 0 ANSI: 5
[    5.691237] scsi target2:0:0: Beginning Domain Validation
[    5.692772] scsi target2:0:0: Domain Validation skipping write tests
[    5.693582] scsi target2:0:0: Ending Domain Validation
[    5.694269] scsi target2:0:0: asynchronous
[    5.695137] scsi 2:0:1:0: Direct-Access     VBOX     HARDDISK         1.0  PQ: 0 ANSI: 5
[    5.696200] scsi target2:0:1: Beginning Domain Validation
[    5.697449] scsi target2:0:1: Domain Validation skipping write tests
[    5.698293] scsi target2:0:1: Ending Domain Validation
[    5.699007] scsi target2:0:1: asynchronous
[    5.702814] sd 2:0:0:0: Attached scsi generic sg0 type 0
[    5.703718] sd 2:0:1:0: [sdb] 20480 512-byte logical blocks: (10.5 MB/10.0 MiB)
[    5.703867] sd 2:0:0:0: [sda] 83886080 512-byte logical blocks: (42.9 GB/40.0 GiB)
[    5.705897] sd 2:0:0:0: [sda] Write Protect is off
[    5.705914] sd 2:0:1:0: Attached scsi generic sg1 type 0
[    5.706144] sd 2:0:1:0: [sdb] Write Protect is off
[    5.706189] sd 2:0:1:0: [sdb] Incomplete mode parameter data
[    5.706190] sd 2:0:1:0: [sdb] Assuming drive cache: write through
[    5.708097] sd 2:0:1:0: [sdb] Attached SCSI disk
[    5.710401] sd 2:0:0:0: [sda] Incomplete mode parameter data
[    5.711129] sd 2:0:0:0: [sda] Assuming drive cache: write through
[    5.712800]  sda: sda1
[    5.713855] sd 2:0:0:0: [sda] Attached SCSI disk
Begin: Loading essential drivers ... [    6.979905] md: linear personality registered for level -1
[    6.982151] md: multipath personality registered for level -4
[    6.984381] md: raid0 personality registered for level 0
[    6.987011] md: raid1 personality registered for level 1
[    7.058083] raid6: sse2x1   gen()  8738 MB/s
[    7.125927] raid6: sse2x1   xor()  8719 MB/s
[    7.194286] raid6: sse2x2   gen() 17828 MB/s
[    7.262025] raid6: sse2x2   xor() 11796 MB/s
[    7.330308] raid6: sse2x4   gen() 19081 MB/s
[    7.398036] raid6: sse2x4   xor() 10597 MB/s
[    7.466386] raid6: avx2x1   gen() 20791 MB/s
[    7.534186] raid6: avx2x2   gen() 35482 MB/s
[    7.601994] raid6: avx2x4   gen() 33889 MB/s
[    7.602685] raid6: using algorithm avx2x2 gen() 35482 MB/s
[    7.603395] raid6: using avx2x2 recovery algorithm
[    7.604815] xor: automatically using best checksumming function:
[    7.642097]    avx       : 17019.000 MB/sec
[    7.643705] async_tx: api initialized (async)
[    7.649638] md: raid6 personality registered for level 6
[    7.650414] md: raid5 personality registered for level 5
[    7.651073] md: raid4 personality registered for level 4
[    7.655417] md: raid10 personality registered for level 10
done.
Begin: Running /scripts/init-premount ... done.
Begin: Mounting root file system ... Begin: Running /scripts/local-top ... done.
Begin: Running /scripts/local-premount ... [    7.677391] Btrfs loaded
Scanning for Btrfs filesystems
done.
Warning: fsck not present, so skipping root file system
[    7.698162] EXT4-fs (sda1): mounted filesystem with ordered data mode. Opts: (null)
done.
Begin: Running /scripts/local-bottom ... done.
Begin: Running /scripts/init-bottom ... done.
[    7.762495] systemd[1]: systemd 229 running in system mode. (+PAM +AUDIT +SELINUX +IMA +APPARMOR +SMACK +SYSVINIT +UTMP +LIBCRYPTSETUP +GCRYPT +GNUTLS +ACL +XZ -LZ4 +SECCOMP +BLKID +ELFUTILS +KMOD -IDN)
[    7.764762] systemd[1]: Detected virtualization oracle.
[    7.765442] systemd[1]: Detected architecture x86-64.

Welcome to [1mUbuntu 16.04.7 LTS[0m!

[    7.768096] systemd[1]: Set hostname to <ubuntu>.
[    7.770027] systemd[1]: Initializing machine ID from random generator.
[    7.770944] systemd[1]: Installed transient /etc/machine-id file.
[    7.858638] systemd[1]: Listening on Journal Socket.
[[0;32m  OK  [0m] Listening on Journal Socket.
[    7.859897] systemd[1]: Listening on Device-mapper event daemon FIFOs.
[[0;32m  OK  [0m] Listening on Device-mapper event daemon FIFOs.
[    7.861372] systemd[1]: Listening on Journal Socket (/dev/log).
[[0;32m  OK  [0m] Listening on Journal Socket (/dev/log).
[    7.862976] systemd[1]: Created slice User and Session Slice.
[[0;32m  OK  [0m] Created slice User and Session Slice.
[    7.864381] systemd[1]: Reached target System Time Synchronized.
[[0;32m  OK  [0m] Reached target System Time Synchronized.
[    7.865775] systemd[1]: Listening on fsck to fsckd communication Socket.
[[0;32m  OK  [0m] Listening on fsck to fsckd communication Socket.
[    7.867233] systemd[1]: Listening on Syslog Socket.
[[0;32m  OK  [0m] Listening on Syslog Socket.
[    7.868409] systemd[1]: Listening on /dev/initctl Compatibility Named Pipe.
[[0;32m  OK  [0m] Listening on /dev/initctl Compatibility Named Pipe.
[    7.869930] systemd[1]: Listening on Journal Audit Socket.
[[0;32m  OK  [0m] Listening on Journal Audit Socket.
[    7.871454] systemd[1]: Created slice System Slice.
[[0;32m  OK  [0m] Created slice System Slice.
[    7.882432] systemd[1]: Mounting Huge Pages File System...
         Mounting Huge Pages File System...
[    7.885620] systemd[1]: Reached target Slices.
[[0;32m  OK  [0m] Reached target Slices.
[    7.887218] systemd[1]: Mounting Debug File System...
         Mounting Debug File System...
[    7.888834] systemd[1]: Starting Set console keymap...
         Starting Set console keymap...
[    7.891373] systemd[1]: Starting Load Kernel Modules...
         Starting Load Kernel Modules...
[    7.893069] systemd[1]: Starting Nameserver information manager...
         Starting Nameserver information manager...
[    7.896815] systemd[1]: Starting Create list of required static device nodes for the current kernel...
[    7.900121] Loading iSCSI transport class v2.0-870.
         Starting Create list of required st... nodes for the current kernel...
[    7.902592] systemd[1]: Mounting POSIX Message Queue File System...
         Mounting POSIX Message Queue File System...
[    7.905142] systemd[1]: Starting Journal Service...
         Starting Journal Service...
[    7.906665] systemd[1]: Listening on udev Kernel Socket.
[[0;32m  OK  [0m] Listening on udev Kernel Socket.
[    7.908239] systemd[1]: Listening on LVM2 poll daemon socket.
[[0;32m  OK  [0m] Listening on LVM2 poll daemon socket.
[    7.909858] systemd[1]: Started Trigger resolvconf update for networkd DNS.
[[0;32m  OK  [0m] Started Trigger resolvconf update for networkd DNS.
[    7.911857] systemd[1]: Set up automount Arbitrary Executable File Formats File System Automount Point.
[[0;32m  OK  [0m] Set up automount Arbitrary Executab...ats File System Automount Point.
[    7.914016] iscsi: registered transport (tcp)
[    7.926145] systemd[1]: Starting File System Check on Root Device...
         Starting File System Check on Root Device...
[    7.927654] systemd[1]: Started Forward Password Requests to Wall Directory Watch.
[[0;32m  OK  [0m] Started Forward Password Requests to Wall Directory Watch.
[    7.929424] systemd[1]: Listening on LVM2 metadata daemon socket.
[[0;32m  OK  [0m] Listening on LVM2 metadata daemon socket.
[    7.935293] systemd[1]: Starting Monitoring of LVM2 mirrors, snapshots etc. using dmeventd or progress polling...
         Starting Monitoring of LVM2 mirrors... dmeventd or progress polling...
[    7.937359] systemd[1]: Reached target Swap.
[[0;32m  OK  [0m] Reached target Swap.
[    7.939407] systemd[1]: Starting Uncomplicated firewall...
         Starting Uncomplicated firewall...
[    7.940710] systemd[1]: Listening on udev Control Socket.
[[0;32m  OK  [0m] Listening on udev Control Socket.
[    7.942528] systemd[1]: Reached target Encrypted Volumes.
[[0;32m  OK  [0m] Reached target Encrypted Volumes.
[    7.946104] systemd[1]: Reached target User and Group Name Lookups.
[[0;32m  OK  [0m] Reached target User and Group Name Lookups.
[    7.947757] systemd[1]: Created slice system-serial\x2dgetty.slice.
[[0;32m  OK  [0m] Created slice system-serial\x2dgetty.slice.
[    7.950071] systemd[1]: Mounted Huge Pages File System.
[[0;32m  OK  [0m] Mounted Huge Pages File System.
[    7.951214] systemd[1]: Mounted POSIX Message Queue File System.
[[0;32m  OK  [0m] Mounted POSIX Message Queue File System.
[    7.952307] systemd[1]: Mounted Debug File System.
[[0;32m  OK  [0m] Mounted Debug File System.
[    7.953916] systemd[1]: Started Create list of required static device nodes for the current kernel.
[[0;32m  OK  [0m] Started Create list of required sta...ce nodes for the current kernel.
[    7.968016] systemd[1]: Started Set console keymap.
[[0;32m  OK  [0m] Started Set console keymap.
[    7.969976] systemd[1]: Started File System Check on Root Device.
[[0;32m  OK  [0m] Started File System Check on Root Device.
[    7.972082] systemd[1]: Started Uncomplicated firewall.
[[0;32m  OK  [0m] Started Uncomplicated firewall.
[    7.973863] systemd[1]: Started Nameserver information manager.
[[0;32m  OK  [0m] Started Nameserver information manager.
[    7.976988] iscsi: registered transport (iser)
[    7.979000] systemd[1]: Started Journal Service.
[[0;32m  OK  [0m] Started Journal Service.
[[0;32m  OK  [0m] Started Load Kernel Modules.
[[0;32m  OK  [0m] Started File System Check Daemon to report status.
[[0;32m  OK  [0m] Started LVM2 metadata daemon.
         Mounting FUSE Control File System...
         Starting Apply Kernel Variables...
         Starting Remount Root and Kernel File Systems...
         Starting Create Static Device Nodes in /dev...
[[0;32m  OK  [0m] Mounted FUSE Control File System.
[    7.996587] EXT4-fs (sda1): re-mounted. Opts: (null)
[[0;32m  OK  [0m] Started Remount Root and Kernel File Systems.
         Starting Flush Journal to Persistent Storage...
         Starting Load/Save Random Seed...
         Starting udev Coldplug all Devices...
[[0;32m  OK  [0m] Started Load/Save Random Seed.
[    8.017880] systemd-journald[395]: Received request to flush runtime journal from PID 1
[[0;32m  OK  [0m] Started Apply Kernel Variables.
[[0;32m  OK  [0m] Started Flush Journal to Persistent Storage.
[[0;32m  OK  [0m] Started Create Static Device Nodes in /dev.
         Starting udev Kernel Device Manager...
[[0;32m  OK  [0m] Started udev Coldplug all Devices.
[[0;32m  OK  [0m] Started udev Kernel Device Manager.
[[0;32m  OK  [0m] Started Dispatch Password Requests to Console Directory Watch.
[[0;32m  OK  [0m] Found device /dev/ttyS0.
[[0;32m  OK  [0m] Listening on Load/Save RF Kill Switch Status /dev/rfkill Watch.
[[0;32m  OK  [0m] Started Monitoring of LVM2 mirrors,...ng dmeventd or progress polling.
[[0;32m  OK  [0m] Reached target Local File Systems (Pre).
[[0;32m  OK  [0m] Reached target Local File Systems.
         Starting Commit a transient machine-id on disk...
         Starting Tell Plymouth To Write Out Runtime Data...
         Starting Initial cloud-init job (pre-networking)...
         Starting LSB: AppArmor initialization...
         Starting Create Volatile Files and Directories...
         Starting Set console font and keymap...
[[0;32m  OK  [0m] Started Tell Plymouth To Write Out Runtime Data.
[[0;32m  OK  [0m] Started Create Volatile Files and Directories.
         Starting Update UTMP about System Boot/Shutdown...
[[0;32m  OK  [0m] Started Update UTMP about System Boot/Shutdown.
[[0;32m  OK  [0m] Started Commit a transient machine-id on disk.
[[0;32m  OK  [0m] Started Set console font and keymap.
[[0;32m  OK  [0m] Created slice system-getty.slice.
[    9.303263] cloud-init[616]: Cloud-init v. 21.1-19-gbad84ad4-0ubuntu1~16.04.2 running 'init-local' at Mon, 11 Sep 2023 14:10:04 +0000. Up 8.96 seconds.
[[0;32m  OK  [0m] Started Initial cloud-init job (pre-networking).
[[0;32m  OK  [0m] Reached target Network (Pre).
[[0;32m  OK  [0m] Started LSB: AppArmor initialization.
         Starting Raise network interfaces...
         Starting Load AppArmor profiles managed internally by snapd...
[[0;32m  OK  [0m] Started Load AppArmor profiles managed internally by snapd.
[[0;32m  OK  [0m] Started Raise network interfaces.
[[0;32m  OK  [0m] Reached target Network.
         Starting Initial cloud-init job (metadata service crawler)...
[   10.390730] cloud-init[967]: Cloud-init v. 21.1-19-gbad84ad4-0ubuntu1~16.04.2 running 'init' at Mon, 11 Sep 2023 14:10:05 +0000. Up 9.89 seconds.
[   10.396826] cloud-init[967]: ci-info: ++++++++++++++++++++++++++++++++++++++Net device info+++++++++++++++++++++++++++++++++++++++
[   10.404986] cloud-init[967]: ci-info: +--------+-------+----------------------------+---------------+--------+-------------------+
[   10.406089] cloud-init[967]: ci-info: | Device |   Up  |          Address           |      Mask     | Scope  |     Hw-Address    |
[   10.407116] cloud-init[967]: ci-info: +--------+-------+----------------------------+---------------+--------+-------------------+
[   10.408023] cloud-init[967]: ci-info: | enp0s3 |  True |         10.0.2.15          | 255.255.255.0 | global | 02:be:82:6b:cc:1d |
[   10.408881] cloud-init[967]: ci-info: | enp0s3 |  True | fe80::be:82ff:fe6b:cc1d/64 |       .       |  link  | 02:be:82:6b:cc:1d |
[   10.409840] cloud-init[967]: ci-info: | enp0s8 | False |             .              |       .       |   .    | 08:00:27:89:e7:58 |
[   10.410801] cloud-init[967]: ci-info: |   lo   |  True |         127.0.0.1          |   255.0.0.0   |  host  |         .         |
[   10.411765] cloud-init[967]: ci-info: |   lo   |  True |          ::1/128           |       .       |  host  |         .         |
[   10.412721] cloud-init[967]: ci-info: +--------+-------+----------------------------+---------------+--------+-------------------+
[   10.413619] cloud-init[967]: ci-info: +++++++++++++++++++++++++++Route IPv4 info++++++++++++++++++++++++++++
[   10.420682] cloud-init[967]: ci-info: +-------+-------------+----------+---------------+-----------+-------+
[   10.428363] cloud-init[967]: ci-info: | Route | Destination | Gateway  |    Genmask    | Interface | Flags |
[   10.436667] cloud-init[967]: ci-info: +-------+-------------+----------+---------------+-----------+-------+
[   10.437648] cloud-init[967]: ci-info: |   0   |   0.0.0.0   | 10.0.2.2 |    0.0.0.0    |   enp0s3  |   UG  |
[   10.444864] cloud-init[967]: ci-info: |   1   |   10.0.2.0  | 0.0.0.0  | 255.255.255.0 |   enp0s3  |   U   |
[   10.452811] cloud-init[967]: ci-info: +-------+-------------+----------+---------------+-----------+-------+
[   10.460433] cloud-init[967]: ci-info: +++++++++++++++++++Route IPv6 info+++++++++++++++++++
[   10.461788] cloud-init[967]: ci-info: +-------+-------------+---------+-----------+-------+
[[   10.468625] cloud-init[967]: ci-info: | Route | Destination | Gateway | Interface | Flags |
[   10.468720] cloud-init[967]: ci-info: +-------+-------------+---------+-----------+-------+
[   10.468886] cloud-init[967]: ci-info: |   0   |  fe80::/64  |    ::   |   enp0s3  |   U   |
[   10.468973] cloud-init[967]: ci-info: |   3   |   ff00::/8  |    ::   |   enp0s3  |   U   |
[   10.469121] cloud-init[967]: ci-info: +-------+-------------+---------+-----------+-------+
[   10.469191] cloud-init[967]: Generating public/private rsa key pair.
[   10.469372] cloud-init[967]: Your identification has been saved in /etc/ssh/ssh_host_rsa_key.
[   10.469524] cloud-init[967]: Your public key has been saved in /etc/ssh/ssh_host_rsa_key.pub.
[   10.469676] cloud-init[967]: The key fingerprint is:
[   10.469830] cloud-init[967]: SHA256:vgzFfBNxp/kTMgtPrV3L4HJtysjMs15qlgYq2qV+gwg root@ubuntu-xenial
[   10.470006] cloud-init[967]: The key's randomart image is:
[   10.470156] cloud-init[967]: +---[RSA 2048]----+
[   10.470230] cloud-init[967]: |          . . .  |
[   10.470410] cloud-init[967]: |           o =   |
[   10.470559] cloud-init[967]: |          o *.o .|
[   10.470713] cloud-init[967]: |       o   =.B+o.|
[   10.470881] cloud-init[967]: |        S o.+o+= |
[   10.471048] cloud-init[967]: | E     o o+.= o. |
[   10.471115] cloud-init[967]: |  . . o.o .*.+   |
[   10.471272] cloud-init[967]: |   ..oo* . ==    |
[   10.471449] cloud-init[967]: |   .o+o + =+     |
[   10.471594] cloud-init[967]: +----[SHA256]-----+
[   10.471753] cloud-init[967]: Generating public/private dsa key pair.
[   10.471953] cloud-init[967]: Your identification has been saved in /etc/ssh/ssh_host_dsa_key.
[   10.472083] cloud-init[967]: Your public key has been saved in /etc/ssh/ssh_host_dsa_key.pub.
[   10.472215] cloud-init[967]: The key fingerprint is:
[   10.472348] cloud-init[967]: SHA256:IcYurYJejqIoFMzH0AvQ7aemFYMnIFgsOofN9/NclkY root@ubuntu-xenial
[   10.473119] cloud-init[967]: The key's randomart image is:
[   10.473335] cloud-init[967]: +---[DSA 1024]----+
[   10.473534] cloud-init[967]: |++o.             |
[   10.473618] cloud-init[967]: |=oo...           |
[   10.473802] cloud-init[967]: |=*+o. + .        |
[   10.473899] cloud-init[967]: |++*+*+.. .E      |
[   10.474023] cloud-init[967]: | oo+.*o S. .     |
[   10.474192] cloud-init[967]: | o  +oo   =      |
[   10.474289] cloud-init[967]: |o .=.  + +       |
[   10.474378] cloud-init[967]: |= =.    o        |
[   10.474473] cloud-init[967]: |*o .             |
[   10.474604] cloud-init[967]: +----[SHA256]-----+
[   10.474778] cloud-init[967]: Generating public/private ecdsa key pair.
[   10.474858] cloud-init[967]: Your identification has been saved in /etc/ssh/ssh_host_ecdsa_key.
[   10.474939] cloud-init[967]: Your public key has been saved in /etc/ssh/ssh_host_ecdsa_key.pub.
[   10.475146] cloud-init[967]: The key fingerprint is:
[   10.475285] cloud-init[967]: SHA256:CrV0EfKzxoEgxoilv4c6P8wTU9ABovcpMK9xfYxJTwY root@ubuntu-xenial
[   10.475431] cloud-init[967]: The key's randomart image is:
[   10.475619] cloud-init[967]: +---[ECDSA 256]---+
[   10.475695] cloud-init[967]: |o+=oE.. o.       |
[   10.475829] cloud-init[967]: |++o..o + .       |
[   10.475967] cloud-init[967]: |= ... * =        |
[   10.476214] cloud-init[967]: | * +.@ + +       |
[   10.476362] cloud-init[967]: |. =.B = S        |
[   10.476507] cloud-init[967]: | +o+ o o         |
[   10.476670] cloud-init[967]: |.ooo. .          |
[   10.476802] cloud-init[967]: |..=.             |
[   10.476950] cloud-init[967]: |.o.o             |
[   10.477029] cloud-init[967]: +----[SHA256]-----+
[   10.477229] cloud-init[967]: Generating public/private ed25519 key pair.
[   10.477365] cloud-init[967]: Your identification has been saved in /etc/ssh/ssh_host_ed25519_key.
[   10.477503] cloud-init[967]: Your public key has been saved in /etc/ssh/ssh_host_ed25519_key.pub.
[   10.477655] cloud-init[967]: The key fingerprint is:
[   10.477792] cloud-init[967]: SHA256:Hk4J9e7A7r44qSozcAxW4Dir7Lzc45WniuX0FpwKsBc root@ubuntu-xenial
[   10.477928] cloud-init[967]: The key's randomart image is:
[   10.478066] cloud-init[967]: +--[ED25519 256]--+
[   10.478228] cloud-init[967]: | ..     .        |
[   10.478342] cloud-init[967]: |o  .   . .       |
[   10.478585] cloud-init[967]: |o..   .   .      |
[   10.478779] cloud-init[967]: |o+E    o o       |
[   10.478835] cloud-init[967]: |++ .. . S .      |
[   10.478976] cloud-init[967]: |=.+  +.= +       |
[   10.479137] cloud-init[967]: |o+.o.o.o+ .      |
[   10.479281] cloud-init[967]: |B *oo.=o         |
[   10.479353] cloud-init[967]: | X+*=+.o+.       |
[   10.479427] cloud-init[967]: +----[SHA256]-----+
[0;32m  OK  [0m] Started Initial cloud-init job (metadata service crawler).
[[0;32m  OK  [0m] Reached target Cloud-config availability.
[[0;32m  OK  [0m] Reached target System Initialization.
[[0;32m  OK  [0m] Started Message of the Day.
         Starting Socket activation for snappy daemon.
[[0;32m  OK  [0m] Listening on D-Bus System Message Bus Socket.
[[0;32m  OK  [0m] Started Daily Cleanup of Temporary Directories.
         Starting LXD - unix socket.
[[0;32m  OK  [0m] Started ACPI Events Check.
[[0;32m  OK  [0m] Reached target Paths.
[[0;32m  OK  [0m] Started Ubuntu Advantage update messaging.
[[0;32m  OK  [0m] Listening on UUID daemon activation socket.
[[0;32m  OK  [0m] Listening on ACPID Listen Socket.
[[0;32m  OK  [0m] Started Daily apt download activities.
[[0;32m  OK  [0m] Started Daily apt upgrade and clean activities.
[[0;32m  OK  [0m] Reached target Timers.
[[0;32m  OK  [0m] Reached target Network is Online.
         Starting iSCSI initiator daemon (iscsid)...
[[0;32m  OK  [0m] Listening on Socket activation for snappy daemon.
[[0;32m  OK  [0m] Listening on LXD - unix socket.
[[0;32m  OK  [0m] Reached target Sockets.
[[0;32m  OK  [0m] Reached target Basic System.
[[0;32m  OK  [0m] Started Regular background program processing daemon.
[[0;32m  OK  [0m] Started Deferred execution scheduler.
         Starting System Logging Service...
         Starting LSB: Record successful boot for GRUB...
         Starting Accounts Service...
[[0;32m  OK  [0m] Started ACPI event daemon.
         Starting Login Service...
         Starting LXD - container startup/shutdown...
         Starting /etc/rc.local Compatibility...
         Starting Pollinate to seed the pseudo random number generator...
[[0;32m  OK  [0m] Started D-Bus System Message Bus.
         Starting Virtualbox guest utils...
[[0;32m  OK  [0m] Started FUSE filesystem for LXC.
         Starting LSB: MD monitoring daemon...
         Starting Snap Daemon...
[[0;32m  OK  [0m] Started System Logging Service.
[[0;32m  OK  [0m] Started iSCSI initiator daemon (iscsid).
[[0;32m  OK  [0m] Started /etc/rc.local Compatibility.
[[0;32m  OK  [0m] Started Login Service.
[[0;32m  OK  [0m] Started Unattended Upgrades Shutdown.
         Starting Login to default iSCSI targets...
[[0;32m  OK  [0m] Started LSB: Record successful boot for GRUB.
         Starting Authenticate and Authorize Users to Run Privileged Tasks...
[[0;32m  OK  [0m] Started LSB: MD monitoring daemon.
[[0;32m  OK  [0m] Started Login to default iSCSI targets.
[[0;32m  OK  [0m] Reached target Remote File Systems (Pre).
[[0;32m  OK  [0m] Reached target Remote File Systems.
         Starting LSB: daemon to balance interrupts for SMP systems...
         Starting LSB: automatic crash report generation...
         Starting LSB: Set the CPU Frequency Scaling governor to "ondemand"...
         Starting Permit User Sessions...
[[0;32m  OK  [0m] Started Permit User Sessions.
         Starting Terminate Plymouth Boot Screen...
         Starting Hold until boot process finishes up...
[[0;32m  OK  [0m] Started Hold until boot process finishes up.
[[0;32m  OK  [0m] Started Getty on tty1.
         Starting Set console scheme...
[[0;32m  OK  [0m] Started Serial Getty on ttyS0.
[[0;32m  OK  [0m] Reached target Login Prompts.
[[0;32m  OK  [0m] Started LSB: daemon to balance interrupts for SMP systems.
[[0;32m  OK  [0m] Started LSB: Set the CPU Frequency Scaling governor to "ondemand".
[[0;32m  OK  [0m] Started Terminate Plymouth Boot Screen.
[[0;32m  OK  [0m] Started LXD - container startup/shutdown.
[[0;32m  OK  [0m] Started Set console scheme.
[[0;32m  OK  [0m] Started Authenticate and Authorize Users to Run Privileged Tasks.
[[0;32m  OK  [0m] Started Accounts Service.
[[0;32m  OK  [0m] Started LSB: automatic crash report generation.
[[0;32m  OK  [0m] Started Virtualbox guest utils.
[[0;32m  OK  [0m] Started Snap Daemon.
         Starting Wait until snapd is fully seeded...
[[0;32m  OK  [0m] Started Pollinate to seed the pseudo random number generator.
         Starting OpenBSD Secure Shell server...
[[0;32m  OK  [0m] Started OpenBSD Secure Shell server.
[[0;32m  OK  [0m] Started Wait until snapd is fully seeded.
[[0;32m  OK  [0m] Reached target Multi-User System.
[[0;32m  OK  [0m] Reached target Graphical Interface.
         Starting Update UTMP about System Runlevel Changes...
         Starting Apply the settings specified in cloud-config...
[[0;32m  OK  [0m] Started Update UTMP about System Runlevel Changes.
[[0;32m  OK  [0m] Created slice User Slice of vagrant.
         Starting User Manager for UID 1000...
[[0;32m  OK  [0m] Started Session 1 of user vagrant.
[[0;32m  OK  [0m] Started User Manager for UID 1000.
[   12.325683] cloud-init[1309]: Generating locales (this might take a while)...
[   13.174310] cloud-init[1309]:   en_US.UTF-8... done
[   13.180982] cloud-init[1309]: Generation complete.
[   13.458274] cloud-init[1309]: Cloud-init v. 21.1-19-gbad84ad4-0ubuntu1~16.04.2 running 'modules:config' at Mon, 11 Sep 2023 14:10:08 +0000. Up 12.21 seconds.
[[0;32m  OK  [0m] Started Apply the settings specified in cloud-config.
         Starting Execute cloud user/final scripts...
ci-info: no authorized SSH keys fingerprints found for user ubuntu.
<14>Sep 11 14:10:09 ec2: 
<14>Sep 11 14:10:09 ec2: #############################################################
<14>Sep 11 14:10:09 ec2: -----BEGIN SSH HOST KEY FINGERPRINTS-----
<14>Sep 11 14:10:09 ec2: 1024 SHA256:IcYurYJejqIoFMzH0AvQ7aemFYMnIFgsOofN9/NclkY root@ubuntu-xenial (DSA)
<14>Sep 11 14:10:09 ec2: 256 SHA256:CrV0EfKzxoEgxoilv4c6P8wTU9ABovcpMK9xfYxJTwY root@ubuntu-xenial (ECDSA)
<14>Sep 11 14:10:09 ec2: 256 SHA256:Hk4J9e7A7r44qSozcAxW4Dir7Lzc45WniuX0FpwKsBc root@ubuntu-xenial (ED25519)
<14>Sep 11 14:10:09 ec2: 2048 SHA256:vgzFfBNxp/kTMgtPrV3L4HJtysjMs15qlgYq2qV+gwg root@ubuntu-xenial (RSA)
<14>Sep 11 14:10:09 ec2: -----END SSH HOST KEY FINGERPRINTS-----
<14>Sep 11 14:10:09 ec2: #############################################################
-----BEGIN SSH HOST KEY KEYS-----
ecdsa-sha2-nistp256 AAAAE2VjZHNhLXNoYTItbmlzdHAyNTYAAAAIbmlzdHAyNTYAAABBBJo9VMrYI3qNfkB/vmva50PcnFSqi6SSM3djw9pF9TLX6nhQpsaxIyKdHc+zJlfjlSWuRO0H8AxjOWkMgT+hJ4A= root@ubuntu-xenial
ssh-ed25519 AAAAC3NzaC1lZDI1NTE5AAAAIHlxFTjudri6mpO9X54RNPdmNLTfjYPzPLe1glqXXQwF root@ubuntu-xenial
ssh-rsa AAAAB3NzaC1yc2EAAAADAQABAAABAQCqLuN1vY9BmeW5sxpyhXSpd9kYF61BhN1jnLlHHaiKE1bzfDhcnmZZ1XYwhJmanEzwJBy9LtaS6QKaAG7oALaH9qxFpkhWfx21MphZG0tTa7yLG0V7M1cAnI6B0vNsVEM2u3vNUmBX5/yMijCeLFsefyIgBW16zDvrUMbY9zv88oE0VDQH85Zv9pUgDp6JefJ7OLWxTGttuiu4AROFh60nifMCRUewjVgXc8S28gVfbXDtb+//m/2cHr6GZf4Pyo1jOHocRCIQA3kR/sGqZPi95YtBec0kbo5TtffRyM14Rh1fW3O6RINqvXEVOc+znZQSIZCBTjy48qtVWLmZF1it root@ubuntu-xenial
-----END SSH HOST KEY KEYS-----
[   14.035731] cloud-init[1476]: Cloud-init v. 21.1-19-gbad84ad4-0ubuntu1~16.04.2 running 'modules:final' at Mon, 11 Sep 2023 14:10:09 +0000. Up 13.88 seconds.
[   14.038194] cloud-init[1476]: ci-info: no authorized SSH keys fingerprints found for user ubuntu.
[   14.040031] cloud-init[1476]: Cloud-init v. 21.1-19-gbad84ad4-0ubuntu1~16.04.2 finished at Mon, 11 Sep 2023 14:10:09 +0000. Datasource DataSourceNoCloud [seed=/dev/sdb][dsmode=net].  Up 14.01 seconds
[[0;32m  OK  [0m] Started Execute cloud user/final scripts.
[[0;32m  OK  [0m] Reached target Cloud-init target.

Ubuntu 16.04.7 LTS ubuntu-xenial ttyS0

ubuntu-xenial login:          Stopping User Manager for UID 1000...
         Stopping Session 2 of user vagrant.
[[0;32m  OK  [0m] Stopped target Timers.
[[0;32m  OK  [0m] Stopped Daily apt upgrade and clean activities.
[[0;32m  OK  [0m] Stopped Daily apt download activities.
[[0;32m  OK  [0m] Stopped target Cloud-init target.
[[0;32m  OK  [0m] Stopped Message of the Day.
         Stopping Session 9 of user vagrant.
[[0;32m  OK  [0m] Closed Load/Save RF Kill Switch Status /dev/rfkill Watch.
[[0;32m  OK  [0m] Stopped Execute cloud user/final scripts.
[[0;32m  OK  [0m] Stopped target Graphical Interface.
         Stopping Accounts Service...
[[0;32m  OK  [0m] Stopped target Multi-User System.
         Stopping Deferred execution scheduler...
[[0;32m  OK  [0m] Stopped target Login Prompts.
         Stopping Getty on tty1...
         Stopping A high performance web server and a reverse proxy server...
         Stopping Regular background program processing daemon...
         Stopping D-Bus System Message Bus...
         Stopping OpenBSD Secure Shell server...
         Stopping System Logging Service...
         Stopping LSB: daemon to balance interrupts for SMP systems...
         Stopping LSB: automatic crash report generation...
         Stopping LSB: MD monitoring daemon...
         Stopping vboxadd-service.service...
         Stopping Authenticate and Authorize Users to Run Privileged Tasks...
[[0;32m  OK  [0m] Stopped Apply the settings specified in cloud-config.
[[0;32m  OK  [0m] Stopped Wait until snapd is fully seeded.
         Stopping ACPI event daemon...
[[0;32m  OK  [0m] Stopped Ubuntu Advantage update messaging.
[[0;32m  OK  [0m] Stopped target System Time Synchronized.
[[0;32m  OK  [0m] Stopped target Cloud-config availability.
         Stopping FUSE filesystem for LXC...
         Stopping Serial Getty on ttyS0...
         Stopping LSB: Set the CPU Frequency Scaling governor to "ondemand"...
[[0;32m  OK  [0m] Stopped Daily Cleanup of Temporary Directories.
         Stopping LXD - container startup/shutdown...
         Stopping LSB: Record successful boot for GRUB...
[[0;32m  OK  [0m] Stopped Regular background program processing daemon.
[[0;32m  OK  [0m] Stopped Deferred execution scheduler.
[[0;32m  OK  [0m] Stopped System Logging Service.
[[0;32m  OK  [0m] Stopped Accounts Service.
[[0;32m  OK  [0m] Stopped Authenticate and Authorize Users to Run Privileged Tasks.
[[0;32m  OK  [0m] Stopped Getty on tty1.
[[0;32m  OK  [0m] Stopped Serial Getty on ttyS0.
[[0;32m  OK  [0m] Stopped OpenBSD Secure Shell server.
[[0;32m  OK  [0m] Stopped User Manager for UID 1000.
[[0;32m  OK  [0m] Stopped Session 2 of user vagrant.
[[0;32m  OK  [0m] Stopped Session 9 of user vagrant.
[[0;32m  OK  [0m] Stopped A high performance web server and a reverse proxy server.
[[0;32m  OK  [0m] Stopped D-Bus System Message Bus.
[[0;32m  OK  [0m] Stopped vboxadd-service.service.
[[0;32m  OK  [0m] Stopped FUSE filesystem for LXC.
[[0;32m  OK  [0m] Unmounted /var/lib/lxcfs.
[[0;32m  OK  [0m] Stopped LXD - container startup/shutdown.
[[0;32m  OK  [0m] Stopped LSB: daemon to balance interrupts for SMP systems.
[[0;32m  OK  [0m] Stopped LSB: automatic crash report generation.
[[0;32m  OK  [0m] Stopped LSB: MD monitoring daemon.
[[0;32m  OK  [0m] Stopped LSB: Set the CPU Frequency Scaling governor to "ondemand".
[[0;32m  OK  [0m] Stopped LSB: Record successful boot for GRUB.
         Stopping vboxadd.service...
[[0;32m  OK  [0m] Removed slice User Slice of vagrant.
         Stopping Login Service...
[[0;32m  OK  [0m] Removed slice system-serial\x2dgetty.slice.
[[0;32m  OK  [0m] Removed slice system-getty.slice.
         Stopping Permit User Sessions...
[[0;32m  OK  [0m] Stopped /etc/rc.local Compatibility.
[[0;32m  OK  [0m] Stopped ACPI event daemon.
[[0;32m  OK  [0m] Stopped Permit User Sessions.
[[0;32m  OK  [0m] Stopped target Remote File Systems.
         Unmounting /vagrant...
[[0;32m  OK  [0m] Unmounted /vagrant.
[[0;32m  OK  [0m] Stopped target Remote File Systems (Pre).
         Stopping Login to default iSCSI targets...
[[0;32m  OK  [0m] Stopped vboxadd.service.
[[0;32m  OK  [0m] Stopped Login to default iSCSI targets.
         Stopping iSCSI initiator daemon (iscsid)...
[[0;32m  OK  [0m] Stopped iSCSI initiator daemon (iscsid).
[[0;32m  OK  [0m] Stopped target Network is Online.
[[0;32m  OK  [0m] Stopped target Network.
[[0;32m  OK  [0m] Stopped Login Service.
[[0;32m  OK  [0m] Stopped target Basic System.
[[0;32m  OK  [0m] Stopped target Slices.
[[0;32m  OK  [0m] Stopped target Sockets.
[[0;32m  OK  [0m] Closed Syslog Socket.
[[0;32m  OK  [0m] Closed ACPID Listen Socket.
[[0;32m  OK  [0m] Closed Socket activation for snappy daemon.
[[0;32m  OK  [0m] Closed UUID daemon activation socket.
[[0;32m  OK  [0m] Closed LXD - unix socket.
[[0;32m  OK  [0m] Stopped target Paths.
[[0;32m  OK  [0m] Stopped ACPI Events Check.
[[0;32m  OK  [0m] Stopped Dispatch Password Requests to Console Directory Watch.
[[0;32m  OK  [0m] Stopped Forward Password Requests to Wall Directory Watch.
[[0;32m  OK  [0m] Stopped target User and Group Name Lookups.
[[0;32m  OK  [0m] Closed D-Bus System Message Bus Socket.
[[0;32m  OK  [0m] Removed slice User and Session Slice.
[[0;32m  OK  [0m] Stopped target System Initialization.
[[0;32m  OK  [0m] Stopped Initial cloud-init job (metadata service crawler).
         Stopping Raise network interfaces...
[[0;32m  OK  [0m] Stopped target Swap.
         Stopping Load/Save Random Seed...
[[0;32m  OK  [0m] Stopped Create Volatile Files and Directories.
[[0;32m  OK  [0m] Stopped target Encrypted Volumes.
[[0;32m  OK  [0m] Stopped Commit a transient machine-id on disk.
[[0;32m  OK  [0m] Stopped Load/Save Random Seed.
[[0;32m  OK  [0m] Stopped Raise network interfaces.
[[0;32m  OK  [0m] Stopped target Local File Systems.
         Unmounting /run/user/1000...
[[0;32m  OK  [0m] Stopped Apply Kernel Variables.
[[0;32m  OK  [0m] Stopped Load Kernel Modules.
[[0;32m  OK  [0m] Stopped target Network (Pre).
[[0;32m  OK  [0m] Stopped Initial cloud-init job (pre-networking).
[[0;32m  OK  [0m] Unmounted /run/user/1000.
[[0;32m  OK  [0m] Reached target Unmount All Filesystems.
[[0;32m  OK  [0m] Stopped target Local File Systems (Pre).
         Stopping Monitoring of LVM2 mirrors... dmeventd or progress polling...
[[0;32m  OK  [0m] Stopped Remount Root and Kernel File Systems.
[[0;32m  OK  [0m] Stopped Create Static Device Nodes in /dev.
[[0;32m  OK  [0m] Reached target Shutdown.
[19237.258099] reboot: Power down
